2026-02-19 13:03:43
The log file has the time as "2026-02-19 13.02.32" but we want "2026-02-19 13:02:32"

2026-02-19 13:02:55
Testing multi
Line
Prompt:

- Ping

2026-02-19 13:02:32
testing prompt logging. ping

2026-02-19 15:15:14
ping

2026-02-19 15:15:14
testing the prompt logging.. ping.

2026-02-19 15:15:14
testing again ping.

2026-02-19 15:15:14
Let's improve the prompt logging:  
- Last message to the top of the log file 
- Change the log line format from this: "2026-02-19 10.56.43" to this "2026-02-19 | ping"

2026-02-19 15:15:14
Another ping

2026-02-19 15:15:14
Summarize the chat conversation and save it to .md in the repo
